----------------------------------------------------------------
Sun Apr 26 14:34:42 CEST 2015:
Booting Derby version The Apache Software Foundation - Apache Derby - 10.11.1.1 - (1616546): instance a816c00e-014c-f5b8-f81e-000000904f98 
on database directory memory:D:\web_final\ExpenseManager\AccountManagerTest with class loader sun.misc.Launcher$AppClassLoader@1c7c054 
Loaded from file:/C:/Users/rk/.m2/repository/org/apache/derby/derby/10.11.1.1/derby-10.11.1.1.jar
java.vendor=Oracle Corporation
java.runtime.version=1.8.0_25-b18
user.dir=D:\web_final\ExpenseManager
os.name=Windows 7
os.arch=x86
os.version=6.1
derby.system.home=null
Database Class Loader started - derby.database.classpath=''
----------------------------------------------------------------
Sun Apr 26 14:34:43 CEST 2015:
Booting Derby version The Apache Software Foundation - Apache Derby - 10.11.1.1 - (1616546): instance 1a6500e9-014c-f5b8-f81e-000000904f98 
on database directory memory:D:\web_final\ExpenseManager\ExpenseManagerTest with class loader sun.misc.Launcher$AppClassLoader@1c7c054 
Loaded from file:/C:/Users/rk/.m2/repository/org/apache/derby/derby/10.11.1.1/derby-10.11.1.1.jar
java.vendor=Oracle Corporation
java.runtime.version=1.8.0_25-b18
user.dir=D:\web_final\ExpenseManager
os.name=Windows 7
os.arch=x86
os.version=6.1
derby.system.home=null
Database Class Loader started - derby.database.classpath=''
----------------------------------------------------------------
Sun Apr 26 14:34:44 CEST 2015:
Booting Derby version The Apache Software Foundation - Apache Derby - 10.11.1.1 - (1616546): instance a6c0c1fe-014c-f5b8-f81e-000000904f98 
on database directory memory:D:\web_final\ExpenseManager\PaymentManagerTest with class loader sun.misc.Launcher$AppClassLoader@1c7c054 
Loaded from file:/C:/Users/rk/.m2/repository/org/apache/derby/derby/10.11.1.1/derby-10.11.1.1.jar
java.vendor=Oracle Corporation
java.runtime.version=1.8.0_25-b18
user.dir=D:\web_final\ExpenseManager
os.name=Windows 7
os.arch=x86
os.version=6.1
derby.system.home=null
Database Class Loader started - derby.database.classpath=''
